\BOOKMARK [0][-]{chapter*.1}{R\351sum\351}{}% 1
\BOOKMARK [0][-]{chapter*.2}{Abstract}{}% 2
\BOOKMARK [0][-]{chapter*.3}{Acknowledgements}{}% 3
\BOOKMARK [0][-]{chapter*.4}{Table of contents}{}% 4
\BOOKMARK [0][-]{chapter*.5}{List of Figures}{}% 5
\BOOKMARK [0][-]{chapter*.6}{List of Tables}{}% 6
\BOOKMARK [0][-]{section*.7}{Acronyms}{}% 7
\BOOKMARK [0][-]{chapter.1}{Introduction}{}% 8
\BOOKMARK [1][-]{section.1.1}{General background}{chapter.1}% 9
\BOOKMARK [1][-]{section.1.2}{Project description}{chapter.1}% 10
\BOOKMARK [1][-]{section.1.3}{Goal - Objective - research question}{chapter.1}% 11
\BOOKMARK [1][-]{section.1.4}{Thesis structure}{chapter.1}% 12
\BOOKMARK [0][-]{chapter.2}{Introduction to autnomous vehicles}{}% 13
\BOOKMARK [1][-]{section.2.1}{History}{chapter.2}% 14
\BOOKMARK [1][-]{section.2.2}{Terminology and automation levels}{chapter.2}% 15
\BOOKMARK [1][-]{section.2.3}{Benefits and disruptions of driverless rides}{chapter.2}% 16
\BOOKMARK [1][-]{section.2.4}{Autonomous vehicle system}{chapter.2}% 17
\BOOKMARK [2][-]{subsection.2.4.1}{Autonomous vehicle framework}{section.2.4}% 18
\BOOKMARK [2][-]{subsection.2.4.2}{Sensors}{section.2.4}% 19
\BOOKMARK [1][-]{section.2.5}{Summary}{chapter.2}% 20
\BOOKMARK [0][-]{chapter.3}{REVAi electric vehicle presentation and diagnostic }{}% 21
\BOOKMARK [1][-]{section.3.1}{Electric vehicle}{chapter.3}% 22
\BOOKMARK [2][-]{subsection.3.1.1}{Electric motor}{section.3.1}% 23
\BOOKMARK [2][-]{subsection.3.1.2}{Physical understanding of speed regulation}{section.3.1}% 24
\BOOKMARK [2][-]{subsection.3.1.3}{Motor drive}{section.3.1}% 25
\BOOKMARK [1][-]{section.3.2}{Description of REVA}{chapter.3}% 26
\BOOKMARK [2][-]{subsection.3.2.1}{Topology}{section.3.2}% 27
\BOOKMARK [2][-]{subsection.3.2.2}{Energy management system and communication interface}{section.3.2}% 28
\BOOKMARK [2][-]{subsection.3.2.3}{Motor}{section.3.2}% 29
\BOOKMARK [2][-]{subsection.3.2.4}{Motor controller and power converter}{section.3.2}% 30
\BOOKMARK [2][-]{subsection.3.2.5}{Batteries}{section.3.2}% 31
\BOOKMARK [1][-]{section.3.3}{Battery replacement}{chapter.3}% 32
\BOOKMARK [2][-]{subsection.3.3.1}{Battery choice}{section.3.3}% 33
\BOOKMARK [2][-]{subsection.3.3.2}{Plugging the super B batteries}{section.3.3}% 34
\BOOKMARK [2][-]{subsection.3.3.3}{Throttle and break pedals access}{section.3.3}% 35
\BOOKMARK [2][-]{subsection.3.3.4}{Data acquisition}{section.3.3}% 36
\BOOKMARK [2][-]{subsection.3.3.5}{Data Processing}{section.3.3}% 37
\BOOKMARK [1][-]{section.3.4}{Data analysis}{chapter.3}% 38
\BOOKMARK [2][-]{subsection.3.4.1}{Issue 1: reduced torque}{section.3.4}% 39
\BOOKMARK [3][-]{subsubsection.3.4.1.1}{Diagnostic 1: undervoltage issue}{subsection.3.4.1}% 40
\BOOKMARK [3][-]{subsubsection.3.4.1.2}{Diagnostic 2: defect mode and safety procedure}{subsection.3.4.1}% 41
\BOOKMARK [2][-]{subsection.3.4.2}{Issue 2: Non-operating at nominal voltage}{section.3.4}% 42
\BOOKMARK [3][-]{subsubsection.3.4.2.1}{Diagnostic: damaged battery}{subsection.3.4.2}% 43
\BOOKMARK [1][-]{section.3.5}{Conclusion}{chapter.3}% 44
\BOOKMARK [0][-]{chapter.4}{Speed control }{}% 45
\BOOKMARK [1][-]{section.4.1}{Longitudinal speed control}{chapter.4}% 46
\BOOKMARK [2][-]{subsection.4.1.1}{System description}{section.4.1}% 47
\BOOKMARK [3][-]{subsubsection.4.1.1.1}{System response analysis and open loop-response}{subsection.4.1.1}% 48
\BOOKMARK [2][-]{subsection.4.1.2}{Modeling}{section.4.1}% 49
\BOOKMARK [3][-]{subsubsection.4.1.2.1}{First principle modeling}{subsection.4.1.2}% 50
\BOOKMARK [3][-]{subsubsection.4.1.2.2}{Data-driven modeling}{subsection.4.1.2}% 51
\BOOKMARK [3][-]{subsubsection.4.1.2.3}{Exciting signals}{subsection.4.1.2}% 52
\BOOKMARK [3][-]{subsubsection.4.1.2.4}{Data treatment and analysis}{subsection.4.1.2}% 53
\BOOKMARK [3][-]{subsubsection.4.1.2.5}{Useful software}{subsection.4.1.2}% 54
\BOOKMARK [2][-]{subsection.4.1.3}{Controller choice}{section.4.1}% 55
\BOOKMARK [1][-]{section.4.2}{Implementation}{chapter.4}% 56
\BOOKMARK [2][-]{subsection.4.2.1}{CompactRIO principle}{section.4.2}% 57
\BOOKMARK [2][-]{subsection.4.2.2}{Development}{section.4.2}% 58
\BOOKMARK [3][-]{subsubsection.4.2.2.1}{Host computer LabVIEW program}{subsection.4.2.2}% 59
\BOOKMARK [3][-]{subsubsection.4.2.2.2}{FPGA chassis design}{subsection.4.2.2}% 60
\BOOKMARK [3][-]{subsubsection.4.2.2.3}{Hardware development}{subsection.4.2.2}% 61
\BOOKMARK [1][-]{section.4.3}{Illustrated procedure and result}{chapter.4}% 62
\BOOKMARK [1][-]{section.4.4}{Experiment issue}{chapter.4}% 63
\BOOKMARK [2][-]{subsection.4.4.1}{Situation assessment}{section.4.4}% 64
\BOOKMARK [2][-]{subsection.4.4.2}{Issue: damaged battery}{section.4.4}% 65
\BOOKMARK [1][-]{section.4.5}{Summary and conclusion}{chapter.4}% 66
\BOOKMARK [0][-]{chapter.5}{Conclusion}{}% 67
\BOOKMARK [0][-]{chapter.6}{Bibliography}{}% 68
\BOOKMARK [0][-]{appendix.A}{Curtis 1236 data}{}% 69
\BOOKMARK [1][-]{section.A.1}{Basic wiring diagram}{appendix.A}% 70
\BOOKMARK [1][-]{section.A.2}{REVA Curtis Parameters}{appendix.A}% 71
\BOOKMARK [0][-]{appendix.B}{Data processing VB script}{}% 72
\BOOKMARK [0][-]{appendix.C}{Using the didicated cRIO for data acquisition}{}% 73
\BOOKMARK [1][-]{section.C.1}{Procedure}{appendix.C}% 74
\BOOKMARK [2][-]{subsection.C.1.1}{Software}{section.C.1}% 75
\BOOKMARK [2][-]{subsection.C.1.2}{IP config}{section.C.1}% 76
\BOOKMARK [2][-]{subsection.C.1.3}{File access}{section.C.1}% 77
\BOOKMARK [2][-]{subsection.C.1.4}{Panel access}{section.C.1}% 78
\BOOKMARK [2][-]{subsection.C.1.5}{Procedure}{section.C.1}% 79
